{"level":"info","message":"Running on localhost:3000","timestamp":"2018-08-26T13:54:30.474Z"}
{"level":"info","message":"Running on localhost:3000","timestamp":"2018-08-26T13:55:44.772Z"}
{"level":"info","message":"Running on localhost:3000","timestamp":"2018-08-26T13:59:40.838Z"}
{"level":"info","message":"Running on localhost:3000","timestamp":"2018-08-26T14:01:17.795Z"}
{"level":"info","message":"chandra 7bb90641-0153-4f3e-845a-03faa78cd4d3 GET /api/auth/google 302 3.641 ms","timestamp":"2018-08-26T14:01:36.850Z"}
{"level":"info","message":"Running on localhost:3000","timestamp":"2018-08-26T14:02:04.721Z"}
{"level":"info","message":"Running on localhost:3000","timestamp":"2018-08-26T14:03:52.829Z"}
{"level":"info","message":"Running on localhost:3000","timestamp":"2018-08-26T14:04:27.198Z"}
{"level":"info","message":"chandra 1ccd0c58-764c-48e6-bc00-f7b449496a53 GET /api/auth/google 302 2.367 ms","timestamp":"2018-08-26T14:04:39.687Z"}
{"level":"info","message":"Running on localhost:3000","timestamp":"2018-08-26T14:06:21.929Z"}
{"level":"info","message":"chandra 85abcb47-1ec8-4e68-86c6-99d0446f2466 GET /api/auth/google 302 3.650 ms","timestamp":"2018-08-26T14:06:29.864Z"}
{"level":"info","message":"Running on localhost:3000","timestamp":"2018-08-26T14:07:33.638Z"}
{"level":"info","message":"chandra 4d19ffbf-e6e0-46fe-9db7-a65438bceabd GET /api/auth/google 302 4.407 ms","timestamp":"2018-08-26T14:07:42.298Z"}
{"level":"info","message":"chandra 90701254-c8c4-449b-a2a4-e08179ae9207 GET /api/auth/google 302 1.801 ms","timestamp":"2018-08-26T14:09:01.236Z"}
{"duration":"6ms","level":"info","message":"Login time","timestamp":"2018-08-26T14:09:51.157Z"}
{"level":"info","message":"passportchandra","timestamp":"2018-08-26T14:09:51.314Z"}
{"level":"info","message":"Founds user!","timestamp":"2018-08-26T14:09:51.316Z"}
{"level":"info","message":"chandra 88891d13-0c9e-4069-81b5-e98c02053fbe POST /api/loginuser 200 178.572 ms","timestamp":"2018-08-26T14:09:51.334Z"}
{"level":"info","message":"chandra 0303ba43-df1b-4bfc-8727-4ba841fb057b GET /api/users 304 7.640 ms","timestamp":"2018-08-26T14:09:51.491Z"}
{"level":"info","message":"Running on localhost:3000","timestamp":"2018-08-26T14:10:42.938Z"}
{"level":"info","message":"chandra fd8afad7-8095-4693-89f4-a20a1fe2c59a GET /api/auth/google 302 4.266 ms","timestamp":"2018-08-26T14:10:52.187Z"}
{"level":"error","message":"404 page requested","timestamp":"2018-08-26T14:11:03.844Z"}
{"level":"info","message":"chandra d3c52905-41aa-49b3-b291-b6154e719976 GET /auth/google/callback?code=4/RwDCGy3ANgbHQf3sYvIOD0rBVzmLWtXX3DyOXef7qGQMUiIJMnrQCYTFHXBlzCgTtYjdeWc3VB7Yb2nP36dzNkU 404 6.772 ms","timestamp":"2018-08-26T14:11:03.853Z"}
{"level":"info","message":"Running on localhost:3000","timestamp":"2018-08-26T14:11:58.106Z"}
{"level":"info","message":"chandra fc3066d2-5f9a-47ac-ab5c-2ed0dfbaad12 GET /api/auth/google 302 4.116 ms","timestamp":"2018-08-26T14:12:03.737Z"}
{"level":"info","message":"Running on localhost:3000","timestamp":"2018-08-26T14:12:37.093Z"}
{"level":"info","message":"chandra - GET /api/auth/google 302 3.586 ms","timestamp":"2018-08-26T14:12:42.230Z"}
{"level":"info","message":"Running on localhost:3000","timestamp":"2018-08-26T14:13:11.876Z"}
{"level":"info","message":"chandra - GET /api/auth/google 302 5.109 ms","timestamp":"2018-08-26T14:13:37.298Z"}
{"level":"info","message":"Running on localhost:3000","timestamp":"2018-08-26T14:14:42.480Z"}
{"level":"info","message":"chandra - GET /api/auth/google 302 4.269 ms","timestamp":"2018-08-26T14:15:13.371Z"}
{"level":"info","message":"Running on localhost:3000","timestamp":"2018-08-26T14:18:03.772Z"}
{"level":"info","message":"chandra - GET /api/auth/google 302 2.818 ms","timestamp":"2018-08-26T14:18:30.561Z"}
{"level":"info","message":"Running on localhost:3000","timestamp":"2018-08-26T14:19:05.392Z"}
{"level":"info","message":"chandra - GET /api/auth/google 302 3.077 ms","timestamp":"2018-08-26T14:19:19.385Z"}
{"level":"info","message":"Running on localhost:3000","timestamp":"2018-08-26T14:20:57.501Z"}
{"level":"info","message":"chandra - GET /api/auth/google 302 3.628 ms","timestamp":"2018-08-26T14:21:07.272Z"}
{"level":"info","message":"Running on localhost:3000","timestamp":"2018-08-26T14:22:35.499Z"}
{"level":"info","message":"Running on localhost:3000","timestamp":"2018-08-26T14:23:27.930Z"}
{"level":"info","message":"Running on localhost:3000","timestamp":"2018-08-26T14:24:03.748Z"}
{"level":"info","message":"chandra - GET /api/auth/google 302 4.039 ms","timestamp":"2018-08-26T14:24:12.007Z"}
{"level":"info","message":"chandra - GET /api/auth/google 302 1.180 ms","timestamp":"2018-08-26T14:25:17.572Z"}
{"level":"info","message":"Running on localhost:3000","timestamp":"2018-08-26T14:25:58.955Z"}
{"level":"info","message":"chandra - GET /api/auth/google 302 83.637 ms","timestamp":"2018-08-26T14:26:06.754Z"}
{"level":"info","message":"Running on localhost:3000","timestamp":"2018-08-26T14:33:35.220Z"}
{"level":"info","message":"chandra - GET /api/auth/google 302 3.098 ms","timestamp":"2018-08-26T14:33:43.966Z"}
{"level":"info","message":"chandra - GET /api/auth/google 302 1.102 ms","timestamp":"2018-08-26T14:33:48.701Z"}
{"level":"info","message":"Running on localhost:3000","timestamp":"2018-08-26T14:33:59.338Z"}
{"level":"info","message":"chandra - GET /api/auth/google 302 3.544 ms","timestamp":"2018-08-26T14:34:06.544Z"}
{"level":"info","message":"chandra - GET /api/auth/google 302 1.756 ms","timestamp":"2018-08-26T14:38:13.135Z"}
{"level":"info","message":"Running on localhost:3000","timestamp":"2018-08-26T14:41:29.747Z"}
{"level":"info","message":"chandra - GET /api/auth/google 302 8.566 ms","timestamp":"2018-08-26T14:41:40.034Z"}
{"level":"info","message":"Running on localhost:3000","timestamp":"2018-08-26T14:41:56.967Z"}
{"level":"info","message":"chandra - GET /api/auth/google 302 3.500 ms","timestamp":"2018-08-26T14:42:08.981Z"}
{"level":"info","message":"Running on localhost:3000","timestamp":"2018-08-26T14:43:04.290Z"}
{"level":"info","message":"chandra - GET /api/auth/google 302 7.761 ms","timestamp":"2018-08-26T14:43:22.073Z"}
{"level":"info","message":"Running on localhost:3000","timestamp":"2018-08-26T14:43:43.309Z"}
{"level":"info","message":"chandra - GET /api/auth/google 302 3.463 ms","timestamp":"2018-08-26T14:44:01.966Z"}
{"level":"info","message":"Running on localhost:3000","timestamp":"2018-08-26T14:44:27.417Z"}
{"level":"info","message":"chandra - GET /api/auth/google 302 4.145 ms","timestamp":"2018-08-26T14:44:40.917Z"}
{"level":"info","message":"Running on localhost:3000","timestamp":"2018-08-26T14:45:29.454Z"}
{"level":"info","message":"chandra - GET /api/auth/google 302 3.437 ms","timestamp":"2018-08-26T14:45:40.886Z"}
{"level":"info","message":"Running on localhost:3000","timestamp":"2018-08-26T14:46:43.108Z"}
{"level":"info","message":"chandra - GET /api/auth/google 302 3.621 ms","timestamp":"2018-08-26T14:46:49.324Z"}
{"level":"info","message":"Running on localhost:3000","timestamp":"2018-08-26T14:47:20.904Z"}
{"level":"info","message":"chandra - GET /api/auth/google 302 3.431 ms","timestamp":"2018-08-26T14:47:28.111Z"}
{"level":"info","message":"Running on localhost:3000","timestamp":"2018-08-26T14:48:18.662Z"}
{"level":"info","message":"chandra - GET /api/auth/google 302 3.389 ms","timestamp":"2018-08-26T14:48:27.541Z"}
{"date":"Sun Aug 26 2018 20:19:56 GMT+0530 (India Standard Time)","process":{"pid":13228,"uid":null,"gid":null,"cwd":"D:\\Angular6_Nodejs\\myapp\\server","execPath":"C:\\Program Files\\nodejs\\node.exe","version":"v8.11.3","argv":["C:\\Program Files\\nodejs\\node.exe","D:\\Angular6_Nodejs\\myapp\\server\\server.js"],"memoryUsage":{"rss":122822656,"heapTotal":104521728,"heapUsed":86674712,"external":17890977}},"os":{"loadavg":[0,0,0],"uptime":101224.4629093},"trace":[{"column":1,"file":"D:\\Angular6_Nodejs\\myapp\\server\\routes\\api.js","function":null,"line":18,"method":null,"native":false},{"column":30,"file":"module.js","function":"Module._compile","line":652,"method":"_compile","native":false},{"column":10,"file":"module.js","function":"Module._extensions..js","line":663,"method":".js","native":false},{"column":32,"file":"module.js","function":"Module.load","line":565,"method":"load","native":false},{"column":12,"file":"module.js","function":"tryModuleLoad","line":505,"method":null,"native":false},{"column":3,"file":"module.js","function":"Module._load","line":497,"method":"_load","native":false},{"column":17,"file":"module.js","function":"Module.require","line":596,"method":"require","native":false},{"column":18,"file":"internal/module.js","function":"require","line":11,"method":null,"native":false},{"column":13,"file":"D:\\Angular6_Nodejs\\myapp\\server\\server.js","function":null,"line":38,"method":null,"native":false},{"column":30,"file":"module.js","function":"Module._compile","line":652,"method":"_compile","native":false},{"column":10,"file":"module.js","function":"Module._extensions..js","line":663,"method":".js","native":false},{"column":32,"file":"module.js","function":"Module.load","line":565,"method":"load","native":false},{"column":12,"file":"module.js","function":"tryModuleLoad","line":505,"method":null,"native":false},{"column":3,"file":"module.js","function":"Module._load","line":497,"method":"_load","native":false},{"column":10,"file":"module.js","function":"Module.runMain","line":693,"method":"runMain","native":false},{"column":16,"file":"bootstrap_node.js","function":"startup","line":191,"method":null,"native":false}],"stack":["ReferenceError: app is not defined","    at Object.<anonymous> (D:\\Angular6_Nodejs\\myapp\\server\\routes\\api.js:18:1)","    at Module._compile (module.js:652:30)","    at Object.Module._extensions..js (module.js:663:10)","    at Module.load (module.js:565:32)","    at tryModuleLoad (module.js:505:12)","    at Function.Module._load (module.js:497:3)","    at Module.require (module.js:596:17)","    at require (internal/module.js:11:18)","    at Object.<anonymous> (D:\\Angular6_Nodejs\\myapp\\server\\server.js:38:13)","    at Module._compile (module.js:652:30)","    at Object.Module._extensions..js (module.js:663:10)","    at Module.load (module.js:565:32)","    at tryModuleLoad (module.js:505:12)","    at Function.Module._load (module.js:497:3)","    at Function.Module.runMain (module.js:693:10)","    at startup (bootstrap_node.js:191:16)"],"level":"error","message":"uncaughtException: app is not defined","timestamp":"2018-08-26T14:49:56.958Z"}
{"date":"Sun Aug 26 2018 20:20:03 GMT+0530 (India Standard Time)","process":{"pid":14396,"uid":null,"gid":null,"cwd":"D:\\Angular6_Nodejs\\myapp\\server","execPath":"C:\\Program Files\\nodejs\\node.exe","version":"v8.11.3","argv":["C:\\Program Files\\nodejs\\node.exe","D:\\Angular6_Nodejs\\myapp\\server\\server.js"],"memoryUsage":{"rss":122793984,"heapTotal":104521728,"heapUsed":86735744,"external":17890977}},"os":{"loadavg":[0,0,0],"uptime":101231.5290649},"trace":[{"column":1,"file":"D:\\Angular6_Nodejs\\myapp\\server\\routes\\api.js","function":null,"line":18,"method":null,"native":false},{"column":30,"file":"module.js","function":"Module._compile","line":652,"method":"_compile","native":false},{"column":10,"file":"module.js","function":"Module._extensions..js","line":663,"method":".js","native":false},{"column":32,"file":"module.js","function":"Module.load","line":565,"method":"load","native":false},{"column":12,"file":"module.js","function":"tryModuleLoad","line":505,"method":null,"native":false},{"column":3,"file":"module.js","function":"Module._load","line":497,"method":"_load","native":false},{"column":17,"file":"module.js","function":"Module.require","line":596,"method":"require","native":false},{"column":18,"file":"internal/module.js","function":"require","line":11,"method":null,"native":false},{"column":13,"file":"D:\\Angular6_Nodejs\\myapp\\server\\server.js","function":null,"line":38,"method":null,"native":false},{"column":30,"file":"module.js","function":"Module._compile","line":652,"method":"_compile","native":false},{"column":10,"file":"module.js","function":"Module._extensions..js","line":663,"method":".js","native":false},{"column":32,"file":"module.js","function":"Module.load","line":565,"method":"load","native":false},{"column":12,"file":"module.js","function":"tryModuleLoad","line":505,"method":null,"native":false},{"column":3,"file":"module.js","function":"Module._load","line":497,"method":"_load","native":false},{"column":10,"file":"module.js","function":"Module.runMain","line":693,"method":"runMain","native":false},{"column":16,"file":"bootstrap_node.js","function":"startup","line":191,"method":null,"native":false}],"stack":["ReferenceError: app is not defined","    at Object.<anonymous> (D:\\Angular6_Nodejs\\myapp\\server\\routes\\api.js:18:1)","    at Module._compile (module.js:652:30)","    at Object.Module._extensions..js (module.js:663:10)","    at Module.load (module.js:565:32)","    at tryModuleLoad (module.js:505:12)","    at Function.Module._load (module.js:497:3)","    at Module.require (module.js:596:17)","    at require (internal/module.js:11:18)","    at Object.<anonymous> (D:\\Angular6_Nodejs\\myapp\\server\\server.js:38:13)","    at Module._compile (module.js:652:30)","    at Object.Module._extensions..js (module.js:663:10)","    at Module.load (module.js:565:32)","    at tryModuleLoad (module.js:505:12)","    at Function.Module._load (module.js:497:3)","    at Function.Module.runMain (module.js:693:10)","    at startup (bootstrap_node.js:191:16)"],"level":"error","message":"uncaughtException: app is not defined","timestamp":"2018-08-26T14:50:04.018Z"}
{"date":"Sun Aug 26 2018 20:27:34 GMT+0530 (India Standard Time)","process":{"pid":10404,"uid":null,"gid":null,"cwd":"D:\\Angular6_Nodejs\\myapp\\server","execPath":"C:\\Program Files\\nodejs\\node.exe","version":"v8.11.3","argv":["C:\\Program Files\\nodejs\\node.exe","D:\\Angular6_Nodejs\\myapp\\server\\server.js"],"memoryUsage":{"rss":122187776,"heapTotal":103997440,"heapUsed":86447184,"external":17890977}},"os":{"loadavg":[0,0,0],"uptime":101677.4898754},"trace":[{"column":37,"file":"D:\\Angular6_Nodejs\\myapp\\node_modules\\passport-oauth1\\lib\\strategy.js","function":"Strategy.OAuthStrategy","line":83,"method":"OAuthStrategy","native":false},{"column":17,"file":"D:\\Angular6_Nodejs\\myapp\\node_modules\\passport-google-oauth1\\lib\\strategy.js","function":"new Strategy","line":50,"method":null,"native":false},{"column":18,"file":"D:\\Angular6_Nodejs\\myapp\\server\\config\\passport.js","function":"module.exports","line":55,"method":"exports","native":false},{"column":29,"file":"D:\\Angular6_Nodejs\\myapp\\server\\server.js","function":null,"line":33,"method":null,"native":false},{"column":30,"file":"module.js","function":"Module._compile","line":652,"method":"_compile","native":false},{"column":10,"file":"module.js","function":"Module._extensions..js","line":663,"method":".js","native":false},{"column":32,"file":"module.js","function":"Module.load","line":565,"method":"load","native":false},{"column":12,"file":"module.js","function":"tryModuleLoad","line":505,"method":null,"native":false},{"column":3,"file":"module.js","function":"Module._load","line":497,"method":"_load","native":false},{"column":10,"file":"module.js","function":"Module.runMain","line":693,"method":"runMain","native":false},{"column":16,"file":"bootstrap_node.js","function":"startup","line":191,"method":null,"native":false},{"column":3,"file":"bootstrap_node.js","function":null,"line":612,"method":null,"native":false}],"stack":["TypeError: OAuthStrategy requires a consumerKey option","    at Strategy.OAuthStrategy (D:\\Angular6_Nodejs\\myapp\\node_modules\\passport-oauth1\\lib\\strategy.js:83:37)","    at new Strategy (D:\\Angular6_Nodejs\\myapp\\node_modules\\passport-google-oauth1\\lib\\strategy.js:50:17)","    at module.exports (D:\\Angular6_Nodejs\\myapp\\server\\config\\passport.js:55:18)","    at Object.<anonymous> (D:\\Angular6_Nodejs\\myapp\\server\\server.js:33:29)","    at Module._compile (module.js:652:30)","    at Object.Module._extensions..js (module.js:663:10)","    at Module.load (module.js:565:32)","    at tryModuleLoad (module.js:505:12)","    at Function.Module._load (module.js:497:3)","    at Function.Module.runMain (module.js:693:10)","    at startup (bootstrap_node.js:191:16)","    at bootstrap_node.js:612:3"],"level":"error","message":"uncaughtException: OAuthStrategy requires a consumerKey option","timestamp":"2018-08-26T14:57:34.365Z"}
{"level":"info","message":"Running on localhost:3000","timestamp":"2018-08-26T14:59:36.495Z"}
{"level":"info","message":"chandra - GET /api/auth/google 302 3.640 ms","timestamp":"2018-08-26T14:59:49.892Z"}
{"level":"info","message":"chandra - GET /api/auth/google 302 3.237 ms","timestamp":"2018-08-26T15:07:08.083Z"}
{"level":"info","message":"Running on localhost:3000","timestamp":"2018-08-26T15:18:03.263Z"}
{"level":"info","message":"chandra - GET /api/auth/google 302 7.840 ms","timestamp":"2018-08-26T15:18:13.974Z"}
{"level":"error","message":"404 page requested","timestamp":"2018-08-26T15:21:02.004Z"}
{"level":"info","message":"chandra - GET /auth/google/callback?code=4/RwALL_7orBeYb_5bmKS7J_pb93G83lE3KiOWkKSLAxlTTngDmVBbm54aCwPUYjVYYCqS09H1Nl33_HmI2CaYd-s 404 7.302 ms","timestamp":"2018-08-26T15:21:02.017Z"}
{"date":"Sun Aug 26 2018 20:54:36 GMT+0530 (India Standard Time)","process":{"pid":15200,"uid":null,"gid":null,"cwd":"D:\\Angular6_Nodejs\\myapp\\server","execPath":"C:\\Program Files\\nodejs\\node.exe","version":"v8.11.3","argv":["C:\\Program Files\\nodejs\\node.exe","D:\\Angular6_Nodejs\\myapp\\server\\server.js"],"memoryUsage":{"rss":122122240,"heapTotal":104521728,"heapUsed":86096824,"external":17882785}},"os":{"loadavg":[0,0,0],"uptime":103299.3835102},"trace":[{"column":10,"file":"vm.js","function":"createScript","line":80,"method":null,"native":false},{"column":10,"file":"vm.js","function":"Object.runInThisContext","line":139,"method":"runInThisContext","native":false},{"column":28,"file":"module.js","function":"Module._compile","line":616,"method":"_compile","native":false},{"column":10,"file":"module.js","function":"Module._extensions..js","line":663,"method":".js","native":false},{"column":32,"file":"module.js","function":"Module.load","line":565,"method":"load","native":false},{"column":12,"file":"module.js","function":"tryModuleLoad","line":505,"method":null,"native":false},{"column":3,"file":"module.js","function":"Module._load","line":497,"method":"_load","native":false},{"column":17,"file":"module.js","function":"Module.require","line":596,"method":"require","native":false},{"column":18,"file":"internal/module.js","function":"require","line":11,"method":null,"native":false},{"column":13,"file":"D:\\Angular6_Nodejs\\myapp\\server\\server.js","function":null,"line":38,"method":null,"native":false},{"column":30,"file":"module.js","function":"Module._compile","line":652,"method":"_compile","native":false},{"column":10,"file":"module.js","function":"Module._extensions..js","line":663,"method":".js","native":false},{"column":32,"file":"module.js","function":"Module.load","line":565,"method":"load","native":false},{"column":12,"file":"module.js","function":"tryModuleLoad","line":505,"method":null,"native":false},{"column":3,"file":"module.js","function":"Module._load","line":497,"method":"_load","native":false},{"column":10,"file":"module.js","function":"Module.runMain","line":693,"method":"runMain","native":false}],"stack":["D:\\Angular6_Nodejs\\myapp\\server\\routes\\api.js:23","            }));","              ^","","SyntaxError: Unexpected token )","    at createScript (vm.js:80:10)","    at Object.runInThisContext (vm.js:139:10)","    at Module._compile (module.js:616:28)","    at Object.Module._extensions..js (module.js:663:10)","    at Module.load (module.js:565:32)","    at tryModuleLoad (module.js:505:12)","    at Function.Module._load (module.js:497:3)","    at Module.require (module.js:596:17)","    at require (internal/module.js:11:18)","    at Object.<anonymous> (D:\\Angular6_Nodejs\\myapp\\server\\server.js:38:13)","    at Module._compile (module.js:652:30)","    at Object.Module._extensions..js (module.js:663:10)","    at Module.load (module.js:565:32)","    at tryModuleLoad (module.js:505:12)","    at Function.Module._load (module.js:497:3)","    at Function.Module.runMain (module.js:693:10)"],"level":"error","message":"uncaughtException: Unexpected token )","timestamp":"2018-08-26T15:24:36.262Z"}
{"level":"info","message":"Running on localhost:3000","timestamp":"2018-08-26T15:25:14.355Z"}
{"level":"info","message":"chandra - GET /api/auth/google 302 11.509 ms","timestamp":"2018-08-26T15:25:46.065Z"}
{"level":"info","message":"Running on localhost:3000","timestamp":"2018-08-26T15:27:46.526Z"}
{"level":"info","message":"chandra - GET /api/auth/google 302 3.574 ms","timestamp":"2018-08-26T15:28:02.489Z"}
{"level":"error","message":"404 page requested","timestamp":"2018-08-26T15:28:15.431Z"}
{"level":"info","message":"chandra - GET /auth/google/callback?code=4/RwAt2w-t-WNGTAcWYP95fOqtzklHgoZ292uc5tyhkxQhe4cXKY8HrNRcyzKmrk89iszEgaEkmMfmL3gZ7tAgYC4 404 4.684 ms","timestamp":"2018-08-26T15:28:15.436Z"}
{"level":"error","message":"404 page requested","timestamp":"2018-08-26T15:30:44.972Z"}
{"level":"info","message":"chandra - GET /auth/google/callback?code=4/RwAt2w-t-WNGTAcWYP95fOqtzklHgoZ292uc5tyhkxQhe4cXKY8HrNRcyzKmrk89iszEgaEkmMfmL3gZ7tAgYC4 404 3.345 ms","timestamp":"2018-08-26T15:30:44.975Z"}
{"level":"info","message":"chandra - GET /api/auth/google 302 1.143 ms","timestamp":"2018-08-26T15:30:50.587Z"}
{"level":"info","message":"Running on localhost:3000","timestamp":"2018-08-26T15:31:32.060Z"}
{"level":"info","message":"chandra - GET /api/auth/google 302 2.920 ms","timestamp":"2018-08-26T15:32:01.696Z"}
{"level":"info","message":"chandra - GET /api/auth/google 302 0.986 ms","timestamp":"2018-08-26T15:33:18.725Z"}
{"level":"info","message":"Running on localhost:3000","timestamp":"2018-08-26T15:34:09.374Z"}
{"level":"error","message":"404 page requested","timestamp":"2018-08-26T15:34:11.083Z"}
{"level":"info","message":"chandra - GET /api/auth/google/callback?code=4/RwAcx4wojWZwFrosOHZsq_Qd5F43eXTYo-8BsBPT3M5O8JeaiZ1YFDh4RI7RsXgu_O3gtYMiFxPocuzHIAVZL78 404 6.003 ms","timestamp":"2018-08-26T15:34:11.095Z"}
{"level":"error","message":"404 page requested","timestamp":"2018-08-26T15:34:20.480Z"}
{"level":"info","message":"chandra - GET /api/auth/google/callback?code=4/RwAcx4wojWZwFrosOHZsq_Qd5F43eXTYo-8BsBPT3M5O8JeaiZ1YFDh4RI7RsXgu_O3gtYMiFxPocuzHIAVZL78 404 1.989 ms","timestamp":"2018-08-26T15:34:20.483Z"}
{"level":"error","message":"404 page requested","timestamp":"2018-08-26T15:34:23.669Z"}
{"level":"info","message":"chandra - GET /api/auth/google/callback?code=4/RwAcx4wojWZwFrosOHZsq_Qd5F43eXTYo-8BsBPT3M5O8JeaiZ1YFDh4RI7RsXgu_O3gtYMiFxPocuzHIAVZL78 404 1.922 ms","timestamp":"2018-08-26T15:34:23.671Z"}
{"level":"info","message":"chandra - GET /api/auth/google 302 3.307 ms","timestamp":"2018-08-26T15:34:27.615Z"}
{"level":"error","message":"404 page requested","timestamp":"2018-08-26T15:34:36.364Z"}
{"level":"info","message":"chandra - GET /api/auth/google/callback?code=4/RwCm7tkXnK9uK-BTh15Bm0DQg4I2asZx0D9FcoD1Rc8LJ0up-yVFfBn4ULi97qGStB93iIkkV4oiNI7IndtzXXo 404 4.811 ms","timestamp":"2018-08-26T15:34:36.367Z"}
{"level":"info","message":"Running on localhost:3000","timestamp":"2018-08-26T15:35:19.887Z"}
{"level":"info","message":"chandra - GET /api/auth/google/callback?code=4/RwCm7tkXnK9uK-BTh15Bm0DQg4I2asZx0D9FcoD1Rc8LJ0up-yVFfBn4ULi97qGStB93iIkkV4oiNI7IndtzXXo - - ms","timestamp":"2018-08-26T15:35:26.922Z"}
{"message":"Code was already redeemed.","stack":"TokenError: Code was already redeemed.\n    at Strategy.OAuth2Strategy.parseErrorResponse (D:\\Angular6_Nodejs\\myapp\\node_modules\\passport-oauth2\\lib\\strategy.js:329:12)\n    at Strategy.OAuth2Strategy._createOAuthError (D:\\Angular6_Nodejs\\myapp\\node_modules\\passport-oauth2\\lib\\strategy.js:376:16)\n    at D:\\Angular6_Nodejs\\myapp\\node_modules\\passport-oauth2\\lib\\strategy.js:166:45\n    at D:\\Angular6_Nodejs\\myapp\\node_modules\\oauth\\lib\\oauth2.js:191:18\n    at passBackControl (D:\\Angular6_Nodejs\\myapp\\node_modules\\oauth\\lib\\oauth2.js:132:9)\n    at IncomingMessage.<anonymous> (D:\\Angular6_Nodejs\\myapp\\node_modules\\oauth\\lib\\oauth2.js:157:7)\n    at emitNone (events.js:111:20)\n    at IncomingMessage.emit (events.js:208:7)\n    at endReadableNT (_stream_readable.js:1064:12)\n    at _combinedTickCallback (internal/process/next_tick.js:138:11)\n    at process._tickCallback (internal/process/next_tick.js:180:9)","name":"TokenError","code":"invalid_grant","status":500,"level":"error","timestamp":"2018-08-26T15:35:27.353Z"}
{"level":"info","message":"chandra - GET /api/auth/google/callback?code=4/RwCm7tkXnK9uK-BTh15Bm0DQg4I2asZx0D9FcoD1Rc8LJ0up-yVFfBn4ULi97qGStB93iIkkV4oiNI7IndtzXXo 500 433.403 ms","timestamp":"2018-08-26T15:35:27.367Z"}
{"level":"info","message":"chandra - GET /api/auth/google/callback?code=4/RwCm7tkXnK9uK-BTh15Bm0DQg4I2asZx0D9FcoD1Rc8LJ0up-yVFfBn4ULi97qGStB93iIkkV4oiNI7IndtzXXo - - ms","timestamp":"2018-08-26T15:35:27.693Z"}
{"message":"Code was already redeemed.","stack":"TokenError: Code was already redeemed.\n    at Strategy.OAuth2Strategy.parseErrorResponse (D:\\Angular6_Nodejs\\myapp\\node_modules\\passport-oauth2\\lib\\strategy.js:329:12)\n    at Strategy.OAuth2Strategy._createOAuthError (D:\\Angular6_Nodejs\\myapp\\node_modules\\passport-oauth2\\lib\\strategy.js:376:16)\n    at D:\\Angular6_Nodejs\\myapp\\node_modules\\passport-oauth2\\lib\\strategy.js:166:45\n    at D:\\Angular6_Nodejs\\myapp\\node_modules\\oauth\\lib\\oauth2.js:191:18\n    at passBackControl (D:\\Angular6_Nodejs\\myapp\\node_modules\\oauth\\lib\\oauth2.js:132:9)\n    at IncomingMessage.<anonymous> (D:\\Angular6_Nodejs\\myapp\\node_modules\\oauth\\lib\\oauth2.js:157:7)\n    at emitNone (events.js:111:20)\n    at IncomingMessage.emit (events.js:208:7)\n    at endReadableNT (_stream_readable.js:1064:12)\n    at _combinedTickCallback (internal/process/next_tick.js:138:11)\n    at process._tickCallback (internal/process/next_tick.js:180:9)","name":"TokenError","code":"invalid_grant","status":500,"level":"error","timestamp":"2018-08-26T15:35:27.822Z"}
{"level":"info","message":"chandra - GET /api/auth/google/callback?code=4/RwCm7tkXnK9uK-BTh15Bm0DQg4I2asZx0D9FcoD1Rc8LJ0up-yVFfBn4ULi97qGStB93iIkkV4oiNI7IndtzXXo - - ms","timestamp":"2018-08-26T15:35:27.943Z"}
{"message":"Code was already redeemed.","stack":"TokenError: Code was already redeemed.\n    at Strategy.OAuth2Strategy.parseErrorResponse (D:\\Angular6_Nodejs\\myapp\\node_modules\\passport-oauth2\\lib\\strategy.js:329:12)\n    at Strategy.OAuth2Strategy._createOAuthError (D:\\Angular6_Nodejs\\myapp\\node_modules\\passport-oauth2\\lib\\strategy.js:376:16)\n    at D:\\Angular6_Nodejs\\myapp\\node_modules\\passport-oauth2\\lib\\strategy.js:166:45\n    at D:\\Angular6_Nodejs\\myapp\\node_modules\\oauth\\lib\\oauth2.js:191:18\n    at passBackControl (D:\\Angular6_Nodejs\\myapp\\node_modules\\oauth\\lib\\oauth2.js:132:9)\n    at IncomingMessage.<anonymous> (D:\\Angular6_Nodejs\\myapp\\node_modules\\oauth\\lib\\oauth2.js:157:7)\n    at emitNone (events.js:111:20)\n    at IncomingMessage.emit (events.js:208:7)\n    at endReadableNT (_stream_readable.js:1064:12)\n    at _combinedTickCallback (internal/process/next_tick.js:138:11)\n    at process._tickCallback (internal/process/next_tick.js:180:9)","name":"TokenError","code":"invalid_grant","status":500,"level":"error","timestamp":"2018-08-26T15:35:28.083Z"}
{"level":"info","message":"chandra - GET /api/auth/google/callback?code=4/RwCm7tkXnK9uK-BTh15Bm0DQg4I2asZx0D9FcoD1Rc8LJ0up-yVFfBn4ULi97qGStB93iIkkV4oiNI7IndtzXXo - - ms","timestamp":"2018-08-26T15:35:28.179Z"}
{"message":"Code was already redeemed.","stack":"TokenError: Code was already redeemed.\n    at Strategy.OAuth2Strategy.parseErrorResponse (D:\\Angular6_Nodejs\\myapp\\node_modules\\passport-oauth2\\lib\\strategy.js:329:12)\n    at Strategy.OAuth2Strategy._createOAuthError (D:\\Angular6_Nodejs\\myapp\\node_modules\\passport-oauth2\\lib\\strategy.js:376:16)\n    at D:\\Angular6_Nodejs\\myapp\\node_modules\\passport-oauth2\\lib\\strategy.js:166:45\n    at D:\\Angular6_Nodejs\\myapp\\node_modules\\oauth\\lib\\oauth2.js:191:18\n    at passBackControl (D:\\Angular6_Nodejs\\myapp\\node_modules\\oauth\\lib\\oauth2.js:132:9)\n    at IncomingMessage.<anonymous> (D:\\Angular6_Nodejs\\myapp\\node_modules\\oauth\\lib\\oauth2.js:157:7)\n    at emitNone (events.js:111:20)\n    at IncomingMessage.emit (events.js:208:7)\n    at endReadableNT (_stream_readable.js:1064:12)\n    at _combinedTickCallback (internal/process/next_tick.js:138:11)\n    at process._tickCallback (internal/process/next_tick.js:180:9)","name":"TokenError","code":"invalid_grant","status":500,"level":"error","timestamp":"2018-08-26T15:35:28.360Z"}
{"level":"info","message":"chandra - GET /api/auth/google/callback?code=4/RwCm7tkXnK9uK-BTh15Bm0DQg4I2asZx0D9FcoD1Rc8LJ0up-yVFfBn4ULi97qGStB93iIkkV4oiNI7IndtzXXo - - ms","timestamp":"2018-08-26T15:35:28.409Z"}
{"message":"Code was already redeemed.","stack":"TokenError: Code was already redeemed.\n    at Strategy.OAuth2Strategy.parseErrorResponse (D:\\Angular6_Nodejs\\myapp\\node_modules\\passport-oauth2\\lib\\strategy.js:329:12)\n    at Strategy.OAuth2Strategy._createOAuthError (D:\\Angular6_Nodejs\\myapp\\node_modules\\passport-oauth2\\lib\\strategy.js:376:16)\n    at D:\\Angular6_Nodejs\\myapp\\node_modules\\passport-oauth2\\lib\\strategy.js:166:45\n    at D:\\Angular6_Nodejs\\myapp\\node_modules\\oauth\\lib\\oauth2.js:191:18\n    at passBackControl (D:\\Angular6_Nodejs\\myapp\\node_modules\\oauth\\lib\\oauth2.js:132:9)\n    at IncomingMessage.<anonymous> (D:\\Angular6_Nodejs\\myapp\\node_modules\\oauth\\lib\\oauth2.js:157:7)\n    at emitNone (events.js:111:20)\n    at IncomingMessage.emit (events.js:208:7)\n    at endReadableNT (_stream_readable.js:1064:12)\n    at _combinedTickCallback (internal/process/next_tick.js:138:11)\n    at process._tickCallback (internal/process/next_tick.js:180:9)","name":"TokenError","code":"invalid_grant","status":500,"level":"error","timestamp":"2018-08-26T15:35:28.638Z"}
{"message":"Code was already redeemed.","stack":"TokenError: Code was already redeemed.\n    at Strategy.OAuth2Strategy.parseErrorResponse (D:\\Angular6_Nodejs\\myapp\\node_modules\\passport-oauth2\\lib\\strategy.js:329:12)\n    at Strategy.OAuth2Strategy._createOAuthError (D:\\Angular6_Nodejs\\myapp\\node_modules\\passport-oauth2\\lib\\strategy.js:376:16)\n    at D:\\Angular6_Nodejs\\myapp\\node_modules\\passport-oauth2\\lib\\strategy.js:166:45\n    at D:\\Angular6_Nodejs\\myapp\\node_modules\\oauth\\lib\\oauth2.js:191:18\n    at passBackControl (D:\\Angular6_Nodejs\\myapp\\node_modules\\oauth\\lib\\oauth2.js:132:9)\n    at IncomingMessage.<anonymous> (D:\\Angular6_Nodejs\\myapp\\node_modules\\oauth\\lib\\oauth2.js:157:7)\n    at emitNone (events.js:111:20)\n    at IncomingMessage.emit (events.js:208:7)\n    at endReadableNT (_stream_readable.js:1064:12)\n    at _combinedTickCallback (internal/process/next_tick.js:138:11)\n    at process._tickCallback (internal/process/next_tick.js:180:9)","name":"TokenError","code":"invalid_grant","status":500,"level":"error","timestamp":"2018-08-26T15:35:28.745Z"}
{"level":"info","message":"chandra - GET /api/auth/google/callback?code=4/RwCm7tkXnK9uK-BTh15Bm0DQg4I2asZx0D9FcoD1Rc8LJ0up-yVFfBn4ULi97qGStB93iIkkV4oiNI7IndtzXXo 500 330.299 ms","timestamp":"2018-08-26T15:35:28.748Z"}
{"level":"info","message":"chandra - GET /api/auth/google 302 1.926 ms","timestamp":"2018-08-26T15:35:48.703Z"}
{"level":"info","message":"Running on localhost:3000","timestamp":"2018-08-26T15:36:52.293Z"}
